<?xml version="1.0" encoding="UTF-8"?>
<!-- Generated by org.testng.reporters.JUnitReportReporter -->
<testsuite hostname="DESKTOP-FLBAR84" failures="0" tests="7" name="com.cheapflights.qa.testcases.FlightsPageTest" time="13.370" errors="0" timestamp="06 Nov 2019 20:28:00 GMT" skipped="0">
  <testcase classname="com.cheapflights.qa.testcases.FlightsPageTest" name="homePageTitleTest" time="0.032"/>
  <testcase classname="com.cheapflights.qa.testcases.FlightsPageTest" name="cheapFlightsLogoTest" time="0.095"/>
  <testcase classname="com.cheapflights.qa.testcases.FlightsPageTest" name="tripType" time="0.098"/>
  <testcase classname="com.cheapflights.qa.testcases.FlightsPageTest" name="destinationPlace" time="5.302"/>
  <testcase classname="com.cheapflights.qa.testcases.FlightsPageTest" name="selectDestination" time="0.337"/>
  <testcase classname="com.cheapflights.qa.testcases.FlightsPageTest" name="tripDate" time="7.366"/>
  <testcase classname="com.cheapflights.qa.testcases.FlightsPageTest" name="travelersCount" time="0.140"/>
</testsuite> <!-- com.cheapflights.qa.testcases.FlightsPageTest -->
